2025-09-29 16:10:56, MOVE, v:1, k:calculadora, mode:DOWN
2025-09-29 16:10:57, MOVE, v:1, k:calculadora, mode:PICK
2025-09-29 16:27:23, EXEC, v:1, k:calculadora, mode:FULL, rate:0, size:0
2025-09-29 16:27:29, EXEC, v:1, k:calculadora, mode:FULL, rate:0
2025-09-29 16:31:22, EXEC, v:1, k:calculadora, mode:FULL, rate:0
2025-09-29 16:32:29, EXEC, v:1, k:calculadora, mode:FULL, rate:0, size:26
2025-09-29 16:33:20, EXEC, v:1, k:calculadora, mode:FULL, rate:0, size:28
2025-09-29 16:33:22, EXEC, v:1, k:calculadora, mode:FULL, rate:0
2025-09-29 16:33:22, EXEC, v:1, k:calculadora, mode:FULL, rate:0
2025-09-29 16:33:23, EXEC, v:1, k:calculadora, mode:FULL, rate:0
2025-09-29 16:33:23, EXEC, v:1, k:calculadora, mode:FULL, rate:0
2025-09-29 16:33:24, EXEC, v:1, k:calculadora, mode:FULL, rate:0
2025-09-29 16:33:24, EXEC, v:1, k:calculadora, mode:FULL, rate:0
2025-09-29 16:33:24, EXEC, v:1, k:calculadora, mode:FULL, rate:0
2025-09-29 16:34:32, EXEC, v:1, k:calculadora, mode:FULL, rate:0, size:28
2025-09-29 16:34:34, EXEC, v:1, k:calculadora, mode:FULL, rate:0
2025-09-29 16:37:29, EXEC, v:1, k:calculadora, mode:FULL, rate:0, size:28
2025-09-29 16:37:31, EXEC, v:1, k:calculadora, mode:FULL, rate:0
2025-09-29 16:38:47, EXEC, v:1, k:calculadora, mode:FULL, rate:0, size:28
2025-09-29 16:38:57, EXEC, v:1, k:calculadora, mode:FULL, rate:0
2025-09-29 16:39:00, EXEC, v:1, k:calculadora, mode:FULL, rate:0, size:28
2025-09-29 16:41:45, EXEC, v:1, k:calculadora, mode:FULL, rate:0, size:28
2025-09-29 16:41:46, EXEC, v:1, k:calculadora, mode:FULL, rate:0
2025-09-29 16:44:05, EXEC, v:1, k:calculadora, mode:FULL, rate:0
2025-09-29 16:45:01, EXEC, v:1, k:calculadora, mode:FULL, rate:0, size:29
2025-09-29 16:46:02, EXEC, v:1, k:calculadora, mode:FULL, rate:0, size:28
2025-09-29 16:46:31, EXEC, v:1, k:calculadora, mode:FULL, rate:0, size:28
2025-09-29 16:47:22, EXEC, v:1, k:calculadora, mode:FREE
2025-09-29 16:47:58, EXEC, v:1, k:calculadora, mode:FREE
2025-09-29 16:50:11, EXEC, v:1, k:calculadora, mode:FULL, rate:0
2025-09-29 16:50:17, EXEC, v:1, k:calculadora, mode:FULL, rate:0, size:28
2025-09-29 16:50:43, EXEC, v:1, k:calculadora, mode:FULL, rate:0, size:28
2025-09-29 16:52:01, EXEC, v:1, k:calculadora, mode:FULL, rate:0, size:28
2025-09-29 16:57:23, EXEC, v:1, k:calculadora, mode:FULL, rate:9, size:29
2025-09-29 17:03:56, EXEC, v:1, k:calculadora, mode:FULL, rate:18, size:34
2025-09-29 17:05:31, EXEC, v:1, k:calculadora, mode:FULL, rate:9, size:35
2025-09-29 17:07:17, EXEC, v:1, k:calculadora, mode:FULL, rate:9, size:34
2025-09-29 17:09:16, EXEC, v:1, k:calculadora, mode:FULL, rate:18, size:33
2025-09-29 17:10:55, EXEC, v:1, k:calculadora, mode:FULL, rate:9, size:34
2025-09-29 17:11:21, EXEC, v:1, k:calculadora, mode:FREE
2025-09-29 17:17:37, EXEC, v:1, k:calculadora, mode:FULL, rate:36, size:32
2025-09-29 17:26:22, EXEC, v:1, k:calculadora, mode:FULL, rate:36, size:43
2025-09-29 17:26:53, EXEC, v:1, k:calculadora, mode:FULL, rate:36, size:45
