2025-10-05 01:10:13, SELF, v:1, k:calculadora, rate:100, human:sim, iagen:sim, alone:7, study:220
2025-10-05 01:10:15, MOVE, v:1, k:enxugar, mode:PICK
2025-10-05 01:10:17, MOVE, v:1, k:enxugar, mode:BACK
2025-10-05 01:10:53, SELF, v:1, k:enxugar, rate:100, human:sim, alone:10, study:60
2025-10-05 01:19:49, MOVE, v:1, k:carro, mode:PICK
2025-10-05 01:19:51, EXEC, v:1, k:carro, mode:FULL, rate:0, size:66
2025-10-05 01:23:26, MOVE, v:1, k:carro, mode:BACK
2025-10-05 01:24:15, MOVE, v:1, k:carro, mode:PICK
2025-10-05 01:24:19, EXEC, v:1, k:carro, mode:FULL, rate:0, size:66
2025-10-05 01:24:45, EXEC, v:1, k:carro, mode:FULL, rate:0
2025-10-05 01:25:09, MOVE, v:1, k:carro, mode:BACK
2025-10-05 01:25:45, MOVE, v:1, k:carro, mode:PICK
2025-10-05 01:25:47, EXEC, v:1, k:carro, mode:FULL, rate:0
2025-10-05 01:28:33, MOVE, v:1, k:carro, mode:PICK
2025-10-05 01:28:38, EXEC, v:1, k:carro, mode:FULL, rate:0
2025-10-05 01:28:51, MOVE, v:1, k:carro, mode:BACK
2025-10-05 01:30:59, MOVE, v:1, k:carro, mode:PICK
2025-10-05 01:31:02, EXEC, v:1, k:carro, mode:FULL, rate:0
2025-10-05 01:31:22, EXEC, v:1, k:carro, mode:FREE
2025-10-05 01:32:34, MOVE, v:1, k:carro, mode:BACK
2025-10-05 01:33:08, SELF, v:1, k:carro, human:sim, other:sim, alone:4, study:200
2025-10-05 19:31:46, MOVE, v:1, k:carro, mode:PICK
2025-10-05 19:31:48, EXEC, v:1, k:carro, mode:FULL, rate:0
2025-10-05 19:33:43, EXEC, v:1, k:carro, mode:FULL, rate:0, size:23
2025-10-05 19:38:42, EXEC, v:1, k:carro, mode:FULL, rate:0, size:0
2025-10-05 19:45:19, MOVE, v:1, k:carro, mode:PICK
2025-10-05 19:45:22, EXEC, v:1, k:carro, mode:FULL, rate:0, size:71
2025-10-05 20:07:12, EXEC, v:1, k:carro, mode:FULL, rate:100, size:74
2025-10-05 20:08:50, EXEC, v:1, k:carro, mode:FULL, rate:0, size:72
2025-10-05 20:08:52, EXEC, v:1, k:carro, mode:FULL, rate:0
2025-10-05 20:10:22, EXEC, v:1, k:carro, mode:FULL, rate:100, size:71
2025-10-05 20:11:43, MOVE, v:1, k:carro, mode:BACK
2025-10-05 20:13:49, SELF, v:1, k:carro, rate:100, other:sim, alone:10, study:200
2025-10-05 20:13:58, MOVE, v:1, k:carro, mode:PICK
2025-10-05 20:14:01, EXEC, v:1, k:carro, mode:FULL, rate:10, size:29
2025-10-05 20:15:26, EXEC, v:1, k:carro, mode:FULL, rate:30, size:36
2025-10-05 20:15:45, EXEC, v:1, k:carro, mode:FULL, rate:30, size:38
2025-10-05 20:16:13, EXEC, v:1, k:carro, mode:FULL, rate:50, size:46
2025-10-05 20:16:55, EXEC, v:1, k:carro, mode:FULL, rate:60, size:53
2025-10-05 20:17:31, EXEC, v:1, k:carro, mode:FULL, rate:100, size:69
2025-10-05 20:17:34, MOVE, v:1, k:carro, mode:BACK
2025-10-05 20:19:18, MOVE, v:1, k:enxugar, mode:PICK
2025-10-05 20:26:01, EXEC, v:1, k:enxugar, mode:FULL, rate:0, size:23
2025-10-05 20:27:02, EXEC, v:1, k:enxugar, mode:FULL, rate:0, size:28
2025-10-05 20:27:51, EXEC, v:1, k:enxugar, mode:FULL, rate:20, size:29
2025-10-05 20:32:32, EXEC, v:1, k:enxugar, mode:FULL, rate:30, size:41
2025-10-05 20:35:45, EXEC, v:1, k:enxugar, mode:FULL, rate:20, size:44
2025-10-05 20:37:23, EXEC, v:1, k:enxugar, mode:FULL, rate:60, size:53
2025-10-05 20:38:05, EXEC, v:1, k:enxugar, mode:FULL, rate:90, size:55
2025-10-05 20:40:33, EXEC, v:1, k:enxugar, mode:FULL, rate:100, size:60
2025-10-05 20:42:55, MOVE, v:1, k:enxugar, mode:BACK
