2025-09-28 15:29:00, MOVE, v:1, k:animal, mode:PICK
2025-09-28 15:29:02, EXEC, v:1, k:animal, mode:FULL, rate:25, size:35
2025-09-28 15:34:03, EXEC, v:1, k:animal, mode:FULL, rate:25
2025-09-28 15:34:29, EXEC, v:1, k:animal, mode:FULL, rate:25, size:36
2025-09-28 15:40:04, EXEC, v:1, k:animal, mode:FULL, rate:25, size:35
2025-09-28 15:40:24, EXEC, v:1, k:animal, mode:FULL, rate:25
2025-09-28 15:40:24, EXEC, v:1, k:animal, mode:FULL, rate:25
2025-09-28 15:40:25, EXEC, v:1, k:animal, mode:FULL, rate:25
2025-09-28 15:40:26, EXEC, v:1, k:animal, mode:FULL, rate:25
2025-09-28 15:46:35, EXEC, v:1, k:animal, mode:FULL, rate:25, size:35
2025-09-28 15:58:18, EXEC, v:1, k:animal, mode:FULL, rate:25, size:38
2025-09-28 16:02:03, EXEC, v:1, k:animal, mode:FULL, rate:25, size:36
2025-09-28 16:04:55, EXEC, v:1, k:animal, mode:FULL, rate:25, size:36
2025-09-28 16:05:27, EXEC, v:1, k:animal, mode:FULL, rate:25, size:36
2025-09-28 16:05:29, EXEC, v:1, k:animal, mode:FULL, rate:25
2025-09-28 16:07:49, EXEC, v:1, k:animal, mode:FULL, rate:25, size:36
2025-09-28 16:10:31, EXEC, v:1, k:animal, mode:FULL, rate:25, size:36
2025-09-28 16:12:17, EXEC, v:1, k:animal, mode:FULL, rate:25, size:36
2025-09-28 16:12:59, EXEC, v:1, k:animal, mode:FULL, rate:50, size:36
2025-09-28 16:16:21, EXEC, v:1, k:animal, mode:FULL, rate:50, size:38
2025-09-28 16:20:21, EXEC, v:1, k:animal, mode:FULL, rate:50, size:40
2025-09-28 16:27:12, EXEC, v:1, k:animal, mode:FULL, rate:50, size:43
2025-09-28 16:27:57, EXEC, v:1, k:animal, mode:FULL, rate:50, size:43
2025-09-28 16:29:08, EXEC, v:1, k:animal, mode:FULL, rate:100, size:45
2025-09-28 16:35:07, EXEC, v:1, k:animal, mode:FULL, rate:100
2025-09-28 16:35:07, EXEC, v:1, k:animal, mode:FULL, rate:100
2025-09-28 16:35:08, EXEC, v:1, k:animal, mode:FULL, rate:100
2025-09-28 16:35:33, MOVE, v:1, k:animal, mode:BACK
2025-09-28 16:37:45, SELF, v:1, k:animal, rate:100, human:SIM, iagen:SIM, alone:6, study:240
2025-09-28 16:38:52, MOVE, v:1, k:toalha, mode:PICK
2025-09-28 16:38:54, EXEC, v:1, k:toalha, mode:LOCK, rate:0, size:58
2025-09-28 16:39:06, EXEC, v:1, k:toalha, mode:FREE
2025-09-28 16:40:26, MOVE, v:1, k:toalha, mode:BACK
2025-09-28 16:40:31, MOVE, v:1, k:enxugar, mode:DOWN
2025-09-28 16:40:32, MOVE, v:1, k:enxugar, mode:PICK
2025-09-28 16:40:58, EXEC, v:1, k:enxugar, mode:FULL, rate:100, size:58
