2025-09-23 16:26:48, MOVE, v:1, k:toalha, mode:PICK
2025-09-23 16:26:54, EXEC, v:1, k:toalha, mode:LOCK, rate:0, size:18
2025-09-23 16:27:54, EXEC, v:1, k:toalha, mode:LOCK, rate:0
2025-09-23 16:36:33, EXEC, v:1, k:toalha, mode:FREE
2025-09-23 16:41:17, EXEC, v:1, k:toalha, mode:LOCK, rate:0
2025-09-23 16:43:19, EXEC, v:1, k:toalha, mode:LOCK, rate:0, size:58
2025-09-23 16:43:55, EXEC, v:1, k:toalha, mode:LOCK, rate:0
2025-09-23 16:44:05, EXEC, v:1, k:toalha, mode:LOCK, rate:0
2025-09-23 16:44:45, EXEC, v:1, k:toalha, mode:LOCK, rate:0, size:58
2025-09-23 16:44:47, EXEC, v:1, k:toalha, mode:LOCK, rate:0
2025-09-23 16:44:47, EXEC, v:1, k:toalha, mode:LOCK, rate:0
2025-09-23 16:45:18, EXEC, v:1, k:toalha, mode:LOCK, rate:0
2025-09-23 16:45:20, EXEC, v:1, k:toalha, mode:FREE
2025-09-23 16:46:09, EXEC, v:1, k:toalha, mode:LOCK, rate:100, size:58
2025-09-23 16:46:13, EXEC, v:1, k:toalha, mode:FREE
2025-09-23 16:51:32, MOVE, v:1, k:toalha, mode:BACK
2025-09-23 16:51:36, MOVE, v:1, k:animal, mode:DOWN
2025-09-23 16:51:36, MOVE, v:1, k:animal, mode:PICK
2025-09-23 17:06:14, EXEC, v:1, k:animal, mode:FULL, rate:0, size:0
2025-09-23 17:06:16, EXEC, v:1, k:animal, mode:FULL, rate:0
2025-09-23 17:07:12, EXEC, v:1, k:animal, mode:FULL, rate:0
2025-09-23 17:07:21, EXEC, v:1, k:animal, mode:FULL, rate:0
2025-09-23 17:07:21, EXEC, v:1, k:animal, mode:FULL, rate:0
2025-09-23 17:07:22, EXEC, v:1, k:animal, mode:FULL, rate:0
2025-09-23 17:07:22, EXEC, v:1, k:animal, mode:FULL, rate:0
2025-09-23 17:07:23, EXEC, v:1, k:animal, mode:FULL, rate:0
2025-09-23 17:07:23, EXEC, v:1, k:animal, mode:FULL, rate:0
2025-09-23 17:07:24, EXEC, v:1, k:animal, mode:FULL, rate:0
2025-09-23 17:08:57, EXEC, v:1, k:animal, mode:FULL, rate:0
2025-09-23 17:08:59, EXEC, v:1, k:animal, mode:FULL, rate:0
2025-09-23 17:09:00, EXEC, v:1, k:animal, mode:FULL, rate:0
2025-09-23 17:09:04, EXEC, v:1, k:animal, mode:FULL, rate:0
2025-09-23 17:09:06, EXEC, v:1, k:animal, mode:FULL, rate:0
2025-09-23 17:09:07, EXEC, v:1, k:animal, mode:FULL, rate:0
2025-09-23 17:09:34, EXEC, v:1, k:animal, mode:FULL, rate:0, size:27
2025-09-23 17:09:36, EXEC, v:1, k:animal, mode:FULL, rate:0
2025-09-23 17:10:33, EXEC, v:1, k:animal, mode:FULL, rate:25, size:27
2025-09-23 17:11:18, EXEC, v:1, k:animal, mode:FULL, rate:25, size:27
2025-09-23 17:16:46, EXEC, v:1, k:animal, mode:FULL, rate:0, size:33
2025-09-23 17:19:34, EXEC, v:1, k:animal, mode:FULL, rate:25, size:33
2025-09-23 17:20:25, EXEC, v:1, k:animal, mode:FULL, rate:25
2025-09-23 17:21:27, EXEC, v:1, k:animal, mode:FULL, rate:25, size:33
